<?xml version="1.0" encoding="UTF-8"?>
<!-- Generated by org.testng.reporters.JUnitReportReporter -->
<testsuite hostname="Arun" failures="0" tests="2" name="UI.testng" time="0.023" errors="0" timestamp="2022-08-04T11:24:39 IST" skipped="0">
  <testcase classname="UI.testng" name="login" time="0.020"/>
  <system-out/>
  <testcase classname="UI.testng" name="logout" time="0.003"/>
  <system-out/>
</testsuite> <!-- UI.testng -->
